2020-10-03 16:59:02,879 INFO o.a.j.u.JMeterUtils: Setting Locale to en_EN
2020-10-03 16:59:02,909 INFO o.a.j.JMeter: Loading user properties from: C:\apache-jmeter-5.3\bin\user.properties
2020-10-03 16:59:02,910 INFO o.a.j.JMeter: Loading system properties from: C:\apache-jmeter-5.3\bin\system.properties
2020-10-03 16:59:02,911 INFO o.a.j.JMeter: Setting JMeter property: jmeter.save.saveservice.output_format=xml
2020-10-03 16:59:02,913 INFO o.a.j.JMeter: Copyright (c) 1998-2020 The Apache Software Foundation
2020-10-03 16:59:02,913 INFO o.a.j.JMeter: Version 5.3
2020-10-03 16:59:02,914 INFO o.a.j.JMeter: java.version=11.0.1
2020-10-03 16:59:02,914 INFO o.a.j.JMeter: java.vm.name=Java HotSpot(TM) 64-Bit Server VM
2020-10-03 16:59:02,914 INFO o.a.j.JMeter: os.name=Windows 10
2020-10-03 16:59:02,914 INFO o.a.j.JMeter: os.arch=amd64
2020-10-03 16:59:02,914 INFO o.a.j.JMeter: os.version=10.0
2020-10-03 16:59:02,914 INFO o.a.j.JMeter: file.encoding=Cp1252
2020-10-03 16:59:02,914 INFO o.a.j.JMeter: java.awt.headless=true
2020-10-03 16:59:02,915 INFO o.a.j.JMeter: Max memory     =1073741824
2020-10-03 16:59:02,915 INFO o.a.j.JMeter: Available Processors =8
2020-10-03 16:59:02,931 INFO o.a.j.JMeter: Default Locale=English (EN)
2020-10-03 16:59:02,932 INFO o.a.j.JMeter: JMeter  Locale=English (EN)
2020-10-03 16:59:02,932 INFO o.a.j.JMeter: JMeterHome=C:\apache-jmeter-5.3
2020-10-03 16:59:02,932 INFO o.a.j.JMeter: user.dir  =C:\WINDOWS\system32\config\systemprofile\AppData\Local\Jenkins.jenkins\workspace\SamplePipeline
2020-10-03 16:59:02,933 INFO o.a.j.JMeter: PWD       =C:\Windows\System32\config\systemprofile\AppData\Local\Jenkins.jenkins\workspace\SamplePipeline
2020-10-03 16:59:02,935 INFO o.a.j.JMeter: IP: 192.168.1.2 Name: WKWIN6550047 FullName: WKWIN6550047.global.publicisgroupe.net
2020-10-03 16:59:02,945 INFO o.a.j.s.FileServer: Default base='C:\WINDOWS\system32\config\systemprofile\AppData\Local\Jenkins.jenkins\workspace\SamplePipeline'
2020-10-03 16:59:02,948 INFO o.a.j.s.FileServer: Set new base='C:\Users\mitp\Desktop\tmp'
2020-10-03 16:59:03,188 INFO o.a.j.s.SaveService: Testplan (JMX) version: 2.2. Testlog (JTL) version: 2.2
2020-10-03 16:59:03,227 INFO o.a.j.s.SaveService: Using SaveService properties version 5.0
2020-10-03 16:59:03,237 INFO o.a.j.s.SaveService: Using SaveService properties file encoding UTF-8
2020-10-03 16:59:03,246 INFO o.a.j.s.SaveService: Loading file: C:\Users\mitp\Desktop\tmp\results.jmx
2020-10-03 16:59:03,328 INFO o.a.j.p.h.s.HTTPSamplerBase: Parser for text/html is org.apache.jmeter.protocol.http.parser.LagartoBasedHtmlParser
2020-10-03 16:59:03,328 INFO o.a.j.p.h.s.HTTPSamplerBase: Parser for application/xhtml+xml is org.apache.jmeter.protocol.http.parser.LagartoBasedHtmlParser
2020-10-03 16:59:03,328 INFO o.a.j.p.h.s.HTTPSamplerBase: Parser for application/xml is org.apache.jmeter.protocol.http.parser.LagartoBasedHtmlParser
2020-10-03 16:59:03,328 INFO o.a.j.p.h.s.HTTPSamplerBase: Parser for text/xml is org.apache.jmeter.protocol.http.parser.LagartoBasedHtmlParser
2020-10-03 16:59:03,329 INFO o.a.j.p.h.s.HTTPSamplerBase: Parser for text/vnd.wap.wml is org.apache.jmeter.protocol.http.parser.RegexpHTMLParser
2020-10-03 16:59:03,329 INFO o.a.j.p.h.s.HTTPSamplerBase: Parser for text/css is org.apache.jmeter.protocol.http.parser.CssParser
2020-10-03 16:59:03,358 INFO o.a.j.JMeter: Creating summariser <summary>
2020-10-03 16:59:03,367 INFO o.a.j.e.StandardJMeterEngine: Running the test!
2020-10-03 16:59:03,370 INFO o.a.j.s.SampleEvent: List of sample_variables: []
2020-10-03 16:59:03,371 INFO o.a.j.s.SampleEvent: List of sample_variables: []
2020-10-03 16:59:03,383 INFO o.a.j.e.u.CompoundVariable: Note: Function class names must contain the string: '.functions.'
2020-10-03 16:59:03,383 INFO o.a.j.e.u.CompoundVariable: Note: Function class names must not contain the string: '.gui.'
2020-10-03 16:59:03,833 INFO o.a.j.JMeter: Running test (1601724543833)
2020-10-03 16:59:03,854 INFO o.a.j.e.StandardJMeterEngine: Starting ThreadGroup: 1 : SampleBootDataJpa
2020-10-03 16:59:03,855 INFO o.a.j.e.StandardJMeterEngine: Starting 5 threads for group SampleBootDataJpa.
2020-10-03 16:59:03,855 INFO o.a.j.e.StandardJMeterEngine: Thread will continue on error
2020-10-03 16:59:03,855 INFO o.a.j.t.ThreadGroup: Starting thread group... number=1 threads=5 ramp-up=1 delayedStart=false
2020-10-03 16:59:03,871 INFO o.a.j.t.ThreadGroup: Started thread group number 1
2020-10-03 16:59:03,872 INFO o.a.j.e.StandardJMeterEngine: All thread groups have been started
2020-10-03 16:59:03,875 INFO o.a.j.t.JMeterThread: Thread started: SampleBootDataJpa 1-1
2020-10-03 16:59:03,905 INFO o.a.j.p.h.s.HTTPHCAbstractImpl: Local host = WKWIN6550047
2020-10-03 16:59:03,915 INFO o.a.j.p.h.s.HTTPHC4Impl: HTTP request retry count = 0
2020-10-03 16:59:03,917 INFO o.a.j.s.SampleResult: Note: Sample TimeStamps are START times
2020-10-03 16:59:03,917 INFO o.a.j.s.SampleResult: sampleresult.default.encoding is set to ISO-8859-1
2020-10-03 16:59:03,917 INFO o.a.j.s.SampleResult: sampleresult.useNanoTime=true
2020-10-03 16:59:03,918 INFO o.a.j.s.SampleResult: sampleresult.nanoThreadSleep=5000
2020-10-03 16:59:04,066 INFO o.a.j.t.JMeterThread: Thread started: SampleBootDataJpa 1-2
2020-10-03 16:59:04,263 INFO o.a.j.t.JMeterThread: Thread started: SampleBootDataJpa 1-3
2020-10-03 16:59:04,461 INFO o.a.j.t.JMeterThread: Thread started: SampleBootDataJpa 1-4
2020-10-03 16:59:04,660 INFO o.a.j.t.JMeterThread: Thread started: SampleBootDataJpa 1-5
2020-10-03 16:59:12,093 INFO o.a.j.t.JMeterThread: Thread is done: SampleBootDataJpa 1-2
2020-10-03 16:59:12,094 INFO o.a.j.t.JMeterThread: Thread finished: SampleBootDataJpa 1-2
2020-10-03 16:59:12,094 INFO o.a.j.t.JMeterThread: Thread is done: SampleBootDataJpa 1-1
2020-10-03 16:59:12,095 INFO o.a.j.t.JMeterThread: Thread finished: SampleBootDataJpa 1-1
2020-10-03 16:59:12,285 INFO o.a.j.t.JMeterThread: Thread is done: SampleBootDataJpa 1-3
2020-10-03 16:59:12,285 INFO o.a.j.t.JMeterThread: Thread finished: SampleBootDataJpa 1-3
2020-10-03 16:59:12,490 INFO o.a.j.t.JMeterThread: Thread is done: SampleBootDataJpa 1-4
2020-10-03 16:59:12,490 INFO o.a.j.t.JMeterThread: Thread finished: SampleBootDataJpa 1-4
2020-10-03 16:59:12,680 INFO o.a.j.t.JMeterThread: Thread is done: SampleBootDataJpa 1-5
2020-10-03 16:59:12,681 INFO o.a.j.t.JMeterThread: Thread finished: SampleBootDataJpa 1-5
2020-10-03 16:59:12,681 INFO o.a.j.e.StandardJMeterEngine: Notifying test listeners of end of test
2020-10-03 16:59:12,683 INFO o.a.j.r.Summariser: summary =     10 in 00:00:09 =    1.1/s Avg:  4012 Min:  4007 Max:  4045 Err:    10 (100.00%)
